2022.06.02 15:33:19 INFO  tracing is disabled for protocol LSP, to enable tracing of incoming and outgoing JSON messages create an empty file at /workspaces/experiments-with-scala/.metals/lsp.trace.json or /home/codespace/.cache/metals/lsp.trace.json
2022.06.02 15:33:20 INFO  logging to file /workspaces/experiments-with-scala/.metals/metals.log
2022.06.02 15:33:20 INFO  Started: Metals version 0.11.5 in workspace '/workspaces/experiments-with-scala' for client Visual Studio Code 1.67.2.
2022.06.02 15:33:24 INFO  time: initialize in 4.13s
2022.06.02 15:33:24 WARN  Flyway upgrade recommended: H2 2.1.212 is newer than this version of Flyway and support has not been tested. The latest supported version of H2 is 2.1.210.
2022.06.02 15:33:24 WARN  Build server is not auto-connectable.
2022.06.02 15:33:26 WARN  no build target for: /workspaces/experiments-with-scala/app/src/test/scala/experiments/with/scala/AppSuite.scala
2022.06.02 15:33:26 WARN  no build target for: /workspaces/experiments-with-scala/app/src/main/scala/experiments/with/scala/App.scala
2022.06.02 15:33:30 INFO  running '/workspaces/experiments-with-scala/gradlew --console=plain --init-script /tmp/metals17249319042172439625/init-script.gradle bloopInstall'
2022.06.02 15:33:30 INFO  Downloading https://services.gradle.org/distributions/gradle-7.4.2-bin.zip
2022.06.02 15:33:32 INFO  ...........10%...........20%...........30%...........40%...........50%...........60%...........70%...........80%...........90%...........100%
2022.06.02 15:33:33 INFO  Starting a Gradle Daemon, 1 incompatible Daemon could not be reused, use --status for details
2022.06.02 15:33:43 INFO  > Task :configureBloopInstall
2022.06.02 15:33:43 INFO  > Task :bloopInstall
2022.06.02 15:33:54 INFO  > Task :app:configureBloopInstall
2022.06.02 15:33:57 INFO  no build target found for /workspaces/experiments-with-scala/app/src/test/scala/experiments/with/scala/AppSuite.scala. Using presentation compiler with project's scala-library version: 3.1.2
2022.06.02 15:33:59 INFO  time: code lens generation in 13s
2022.06.02 15:33:59 INFO  time: code lens generation in 28s
2022.06.02 15:33:59 INFO  time: code lens generation in 33s
2022.06.02 15:34:24 INFO  > Task :app:bloopInstall
2022.06.02 15:34:24 INFO  
2022.06.02 15:34:24 INFO  Deprecated Gradle features were used in this build, making it incompatible with Gradle 8.0.
2022.06.02 15:34:24 INFO  
2022.06.02 15:34:24 INFO  You can use '--warning-mode all' to show the individual deprecation warnings and determine if they come from your own scripts or plugins.
2022.06.02 15:34:24 INFO  
2022.06.02 15:34:24 INFO  See https://docs.gradle.org/7.4.2/userguide/command_line_interface.html#sec:command_line_warnings
2022.06.02 15:34:24 INFO  
2022.06.02 15:34:24 INFO  BUILD SUCCESSFUL in 54s
2022.06.02 15:34:24 INFO  4 actionable tasks: 4 executed
2022.06.02 15:34:25 INFO  time: ran 'gradle bloopInstall' in 54s
2022.06.02 15:34:25 INFO  Attempting to connect to the build server...
2022.06.02 15:34:41 INFO  tracing is disabled for protocol BSP, to enable tracing of incoming and outgoing JSON messages create an empty file at /workspaces/experiments-with-scala/.metals/bsp.trace.json or /home/codespace/.cache/metals/bsp.trace.json
2022.06.02 15:34:46 INFO  time: Connected to build server in 20s
2022.06.02 15:34:46 INFO  Connected to Build server: Bloop v1.5.0
2022.06.02 15:34:46 INFO  time: Imported build in 0.18s
2022.06.02 15:34:54 INFO  time: indexed workspace in 8.15s
2022.06.02 15:34:55 INFO  compiling app (1 scala source)
2022.06.02 15:35:11 INFO  time: compiled app in 15s
2022.06.02 15:35:33 INFO  compiling app (1 scala source)
Jun 02, 2022 3:35:35 PM org.eclipse.lsp4j.jsonrpc.RemoteEndpoint handleCancellation
WARNING: Unmatched cancel notification for request id 30
2022.06.02 15:35:35 INFO  time: compiled app in 1.69s
Jun 02, 2022 3:36:01 PM org.eclipse.lsp4j.jsonrpc.RemoteEndpoint handleNotification
WARNING: Notification threw an exception: {
  "jsonrpc": "2.0",
  "method": "workspace/didChangeWatchedFiles",
  "params": {
    "changes": [
      {
        "uri": "file:///workspaces/experiments-with-scala/settings.gradle",
        "type": 3
      }
    ]
  }
}
java.lang.RuntimeException: java.lang.reflect.InvocationTargetException
	at org.eclipse.lsp4j.jsonrpc.services.GenericEndpoint.lambda$null$0(GenericEndpoint.java:67)
	at org.eclipse.lsp4j.jsonrpc.services.GenericEndpoint.notify(GenericEndpoint.java:152)
	at org.eclipse.lsp4j.jsonrpc.RemoteEndpoint.handleNotification(RemoteEndpoint.java:220)
	at org.eclipse.lsp4j.jsonrpc.RemoteEndpoint.consume(RemoteEndpoint.java:187)
	at org.eclipse.lsp4j.jsonrpc.json.StreamMessageProducer.handleMessage(StreamMessageProducer.java:194)
	at org.eclipse.lsp4j.jsonrpc.json.StreamMessageProducer.listen(StreamMessageProducer.java:94)
	at org.eclipse.lsp4j.jsonrpc.json.ConcurrentMessageProcessor.run(ConcurrentMessageProcessor.java:113)
	at java.base/java.util.concurrent.Executors$RunnableAdapter.call(Executors.java:539)
	at java.base/java.util.concurrent.FutureTask.run(FutureTask.java:264)
	at java.base/java.util.concurrent.ThreadPoolExecutor.runWorker(ThreadPoolExecutor.java:1136)
	at java.base/java.util.concurrent.ThreadPoolExecutor$Worker.run(ThreadPoolExecutor.java:635)
	at java.base/java.lang.Thread.run(Thread.java:833)
Caused by: java.lang.reflect.InvocationTargetException
	at java.base/jdk.internal.reflect.NativeMethodAccessorImpl.invoke0(Native Method)
	at java.base/jdk.internal.reflect.NativeMethodAccessorImpl.invoke(NativeMethodAccessorImpl.java:77)
	at java.base/jdk.internal.reflect.DelegatingMethodAccessorImpl.invoke(DelegatingMethodAccessorImpl.java:43)
	at java.base/java.lang.reflect.Method.invoke(Method.java:568)
	at org.eclipse.lsp4j.jsonrpc.services.GenericEndpoint.lambda$null$0(GenericEndpoint.java:65)
	... 11 more
Caused by: java.nio.file.NoSuchFileException: /workspaces/experiments-with-scala/settings.gradle
	at java.base/sun.nio.fs.UnixException.translateToIOException(UnixException.java:92)
	at java.base/sun.nio.fs.UnixException.rethrowAsIOException(UnixException.java:106)
	at java.base/sun.nio.fs.UnixException.rethrowAsIOException(UnixException.java:111)
	at java.base/sun.nio.fs.UnixFileSystemProvider.newByteChannel(UnixFileSystemProvider.java:218)
	at java.base/java.nio.file.Files.newByteChannel(Files.java:380)
	at java.base/java.nio.file.Files.newByteChannel(Files.java:432)
	at java.base/java.nio.file.Files.readAllBytes(Files.java:3288)
	at scala.meta.internal.io.PlatformFileIO$.slurp(PlatformFileIO.scala:45)
	at scala.meta.internal.io.FileIO$.slurp(FileIO.scala:24)
	at scala.meta.internal.metals.MetalsLanguageServer.$anonfun$onChange$1(MetalsLanguageServer.scala:1404)
	at scala.meta.internal.metals.MetalsLanguageServer.$anonfun$onChange$1$adapted(MetalsLanguageServer.scala:1403)
	at scala.collection.immutable.List.foreach(List.scala:333)
	at scala.meta.internal.metals.MetalsLanguageServer.onChange(MetalsLanguageServer.scala:1403)
	at scala.meta.internal.metals.MetalsLanguageServer.didChangeWatchedFiles(MetalsLanguageServer.scala:1347)
	... 16 more

2022.06.02 15:36:49 INFO  running '/workspaces/experiments-with-scala/gradlew --console=plain --init-script /tmp/metals12512576408691327965/init-script.gradle bloopInstall'
2022.06.02 15:36:50 INFO  > Task :configureBloopInstall
2022.06.02 15:36:50 INFO  > Task :bloopInstall
2022.06.02 15:36:50 INFO  > Task :app:configureBloopInstall
2022.06.02 15:36:50 INFO  > Task :app:bloopInstall
2022.06.02 15:36:50 INFO  
2022.06.02 15:36:50 INFO  Deprecated Gradle features were used in this build, making it incompatible with Gradle 8.0.
2022.06.02 15:36:50 INFO  
2022.06.02 15:36:50 INFO  You can use '--warning-mode all' to show the individual deprecation warnings and determine if they come from your own scripts or plugins.
2022.06.02 15:36:50 INFO  
2022.06.02 15:36:50 INFO  See https://docs.gradle.org/7.4.2/userguide/command_line_interface.html#sec:command_line_warnings
2022.06.02 15:36:50 INFO  
2022.06.02 15:36:50 INFO  BUILD SUCCESSFUL in 1s
2022.06.02 15:36:50 INFO  4 actionable tasks: 4 executed
2022.06.02 15:36:50 INFO  time: ran 'gradle bloopInstall' in 1.11s
2022.06.02 15:36:50 INFO  Disconnecting from Bloop session...
2022.06.02 15:36:50 INFO  Shut down connection with build server.
2022.06.02 15:36:50 INFO  Attempting to connect to the build server...
2022.06.02 15:36:50 INFO  tracing is disabled for protocol BSP, to enable tracing of incoming and outgoing JSON messages create an empty file at /workspaces/experiments-with-scala/.metals/bsp.trace.json or /home/codespace/.cache/metals/bsp.trace.json
2022.06.02 15:36:50 INFO  time: Connected to build server in 93ms
2022.06.02 15:36:50 INFO  Connected to Build server: Bloop v1.5.0
2022.06.02 15:36:52 INFO  time: indexed workspace in 1.7s
2022.06.02 15:37:25 INFO  compiling app (1 scala source)
2022.06.02 15:37:25 INFO  time: compiled app in 0.86s
2022.06.02 15:37:33 INFO  Deduplicating compilation of app from bsp client 'Metals 0.11.5' (since 42.116s)
2022.06.02 15:37:33 INFO  compiling app-test (1 scala source)
2022.06.02 15:37:34 INFO  time: compiled app-test in 1.45s
2022.06.02 15:37:35 INFO  tracing is disabled for protocol dap-server, to enable tracing of incoming and outgoing JSON messages create an empty file at /workspaces/experiments-with-scala/.metals/dap-server.trace.json or /home/codespace/.cache/metals/dap-server.trace.json
2022.06.02 15:37:37 INFO  tracing is disabled for protocol dap-client, to enable tracing of incoming and outgoing JSON messages create an empty file at /workspaces/experiments-with-scala/.metals/dap-client.trace.json or /home/codespace/.cache/metals/dap-client.trace.json
2022.06.02 15:37:37 INFO  Starting debug proxy for [feedback.App]
2022.06.02 15:37:39 INFO  Trying to attach to remote debuggee VM localhost:54987 .
2022.06.02 15:37:39 INFO  Attaching to debuggee VM succeeded.
2022.06.02 15:37:39 INFO  Canceling debug proxy for [feedback.App]
2022.06.02 15:37:39 INFO  Closing debug server tcp://0.0.0.0:46563
Jun 02, 2022 3:38:47 PM org.eclipse.lsp4j.jsonrpc.RemoteEndpoint handleCancellation
WARNING: Unmatched cancel notification for request id 50
2022.06.02 15:39:05 INFO  compiling app (1 scala source)
2022.06.02 15:39:05 INFO  time: compiled app in 0.79s
2022.06.02 15:39:07 INFO  compiling app (1 scala source)
2022.06.02 15:39:07 INFO  time: compiled app in 0.53s
